<?xml version='1.0' ?>
<testsuites>
    <systeminfo devicetype="FD5551A-SU" sdkversion="4.4.4" />
    <testsuite name="com.example.zhengjin.funsettingsuitest.testcases.TestCommonSettings">
        <testcase classname="TestCommonSettings" methodname="test11TitleNameOfSettingsPage"
            testresult="pass" time="27.0s" />
        <testcase classname="TestCommonSettings" methodname="test12DeviceNameDefaultValue"
            testresult="pass" time="24.9s" />
        <testcase classname="TestCommonSettings" methodname="test13DeviceNameSubValues" testresult="pass"
            time="26.2s" />
        <testcase classname="TestCommonSettings" methodname="test14_01SelectDeviceName" testresult="pass"
            time="37.5s" />
        <testcase classname="TestCommonSettings" methodname="test14_02SelfDefineDeviceNameAndCancel"
            testresult="pass" time="40.9s" />
        <testcase classname="TestCommonSettings"
            methodname="test14_03SelfDefineDeviceNameAndConfirm" testresult="pass" time="43.3s" />
        <testcase classname="TestCommonSettings" methodname="test14_04SelfDefineEmptyNameAndConfirm"
            testresult="pass" time="46.0s" />
        <testcase classname="TestCommonSettings" methodname="test15_01OpenAdvancedSettingItem"
            testresult="pass" time="33.1s" />
        <testcase classname="TestCommonSettings" methodname="test15_01SleepTimeSubValues"
            testresult="pass" time="53.2s" />
        <testcase classname="TestCommonSettings" methodname="test15_02SleepTimeDefaultValue"
            testresult="pass" time="33.4s" />
        <testcase classname="TestCommonSettings" methodname="test16SelectSleepTime" testresult="pass"
            time="38.2s" />
        <testcase classname="TestCommonSettings" methodname="test17_01SetShutDownTvTimeDefaultValue"
            testresult="failed" time="33.2s">
            <failure message="Exception">
                <trace>java.lang.NullPointerException
                    at
                    com.example.zhengjin.funsettingsuitest.testuitasks.TaskSettings.getTextViewOfSwitcher(TaskSettings.java:181)
                    at
                    com.example.zhengjin.funsettingsuitest.testcases.TestCommonSettings.test17_01SetShutDownTvTimeDefaultValue(TestCommonSettings.java:318)
                    at java.lang.reflect.Method.invokeNative(Native Method)
                    at java.lang.reflect.Method.invoke(Method.java:515)
                    at
                    org.junit.runners.model.FrameworkMethod$1.runReflectiveCall(FrameworkMethod.java:50)
                    at
                    org.junit.internal.runners.model.ReflectiveCallable.run(ReflectiveCallable.java:12)
                    at
                    org.junit.runners.model.FrameworkMethod.invokeExplosively(FrameworkMethod.java:47)
                    at
                    org.junit.internal.runners.statements.InvokeMethod.evaluate(InvokeMethod.java:17)
                    at org.junit.internal.runners.statements.RunBefores.evaluate(RunBefores.java:26)
                    at org.junit.internal.runners.statements.RunAfters.evaluate(RunAfters.java:27)
                    at org.junit.runners.ParentRunner.runLeaf(ParentRunner.java:325)
                    at
                    org.junit.runners.BlockJUnit4ClassRunner.runChild(BlockJUnit4ClassRunner.java:78)
                    at
                    org.junit.runners.BlockJUnit4ClassRunner.runChild(BlockJUnit4ClassRunner.java:57)
                    at org.junit.runners.ParentRunner$3.run(ParentRunner.java:290)
                    at org.junit.runners.ParentRunner$1.schedule(ParentRunner.java:71)
                    at org.junit.runners.ParentRunner.runChildren(ParentRunner.java:288)
                    at org.junit.runners.ParentRunner.access$000(ParentRunner.java:58)
                    at org.junit.runners.ParentRunner$2.evaluate(ParentRunner.java:268)
                    at org.junit.internal.runners.statements.RunBefores.evaluate(RunBefores.java:26)
                    at org.junit.runners.ParentRunner.run(ParentRunner.java:363)
                    at org.junit.runners.Suite.runChild(Suite.java:128)
                    at org.junit.runners.Suite.runChild(Suite.java:27)
                    at org.junit.runners.ParentRunner$3.run(ParentRunner.java:290)
                    at org.junit.runners.ParentRunner$1.schedule(ParentRunner.java:71)
                    at org.junit.runners.ParentRunner.runChildren(ParentRunner.java:288)
                    at org.junit.runners.ParentRunner.access$000(ParentRunner.java:58)
                    at org.junit.runners.ParentRunner$2.evaluate(ParentRunner.java:268)
                    at org.junit.runners.ParentRunner.run(ParentRunner.java:363)
                    at org.junit.runners.Suite.runChild(Suite.java:128)
                    at org.junit.runners.Suite.runChild(Suite.java:27)
                    at org.junit.runners.ParentRunner$3.run(ParentRunner.java:290)
                    at org.junit.runners.ParentRunner$1.schedule(ParentRunner.java:71)
                    at org.junit.runners.ParentRunner.runChildren(ParentRunner.java:288)
                    at org.junit.runners.ParentRunner.access$000(ParentRunner.java:58)
                    at org.junit.runners.ParentRunner$2.evaluate(ParentRunner.java:268)
                    at org.junit.runners.ParentRunner.run(ParentRunner.java:363)
                    at org.junit.runner.JUnitCore.run(JUnitCore.java:137)
                    at org.junit.runner.JUnitCore.run(JUnitCore.java:115)
                    at
                    android.support.test.internal.runner.TestExecutor.execute(TestExecutor.java:59)
                    at
                    android.support.test.runner.AndroidJUnitRunner.onStart(AndroidJUnitRunner.java:262)
                    at
                    android.app.Instrumentation$InstrumentationThread.run(Instrumentation.java:1701)
                </trace>
            </failure>
        </testcase>
        <testcase classname="TestCommonSettings" methodname="test17_02SetShutDownTvTimeSubValues"
            testresult="failed" time="40.8s">
            <failure message="Exception">
                <trace>java.lang.NullPointerException
                    at
                    com.example.zhengjin.funsettingsuitest.testutils.TestHelper.waitForUiObjectEnabled(TestHelper.java:121)
                    at
                    com.example.zhengjin.funsettingsuitest.testuitasks.TaskSettings.getTextViewOfSwitcher(TaskSettings.java:178)
                    at
                    com.example.zhengjin.funsettingsuitest.testcases.TestCommonSettings.test17_02SetShutDownTvTimeSubValues(TestCommonSettings.java:333)
                    at java.lang.reflect.Method.invokeNative(Native Method)
                    at java.lang.reflect.Method.invoke(Method.java:515)
                    at
                    org.junit.runners.model.FrameworkMethod$1.runReflectiveCall(FrameworkMethod.java:50)
                    at
                    org.junit.internal.runners.model.ReflectiveCallable.run(ReflectiveCallable.java:12)
                    at
                    org.junit.runners.model.FrameworkMethod.invokeExplosively(FrameworkMethod.java:47)
                    at
                    org.junit.internal.runners.statements.InvokeMethod.evaluate(InvokeMethod.java:17)
                    at org.junit.internal.runners.statements.RunBefores.evaluate(RunBefores.java:26)
                    at org.junit.internal.runners.statements.RunAfters.evaluate(RunAfters.java:27)
                    at org.junit.runners.ParentRunner.runLeaf(ParentRunner.java:325)
                    at
                    org.junit.runners.BlockJUnit4ClassRunner.runChild(BlockJUnit4ClassRunner.java:78)
                    at
                    org.junit.runners.BlockJUnit4ClassRunner.runChild(BlockJUnit4ClassRunner.java:57)
                    at org.junit.runners.ParentRunner$3.run(ParentRunner.java:290)
                    at org.junit.runners.ParentRunner$1.schedule(ParentRunner.java:71)
                    at org.junit.runners.ParentRunner.runChildren(ParentRunner.java:288)
                    at org.junit.runners.ParentRunner.access$000(ParentRunner.java:58)
                    at org.junit.runners.ParentRunner$2.evaluate(ParentRunner.java:268)
                    at org.junit.internal.runners.statements.RunBefores.evaluate(RunBefores.java:26)
                    at org.junit.runners.ParentRunner.run(ParentRunner.java:363)
                    at org.junit.runners.Suite.runChild(Suite.java:128)
                    at org.junit.runners.Suite.runChild(Suite.java:27)
                    at org.junit.runners.ParentRunner$3.run(ParentRunner.java:290)
                    at org.junit.runners.ParentRunner$1.schedule(ParentRunner.java:71)
                    at org.junit.runners.ParentRunner.runChildren(ParentRunner.java:288)
                    at org.junit.runners.ParentRunner.access$000(ParentRunner.java:58)
                    at org.junit.runners.ParentRunner$2.evaluate(ParentRunner.java:268)
                    at org.junit.runners.ParentRunner.run(ParentRunner.java:363)
                    at org.junit.runners.Suite.runChild(Suite.java:128)
                    at org.junit.runners.Suite.runChild(Suite.java:27)
                    at org.junit.runners.ParentRunner$3.run(ParentRunner.java:290)
                    at org.junit.runners.ParentRunner$1.schedule(ParentRunner.java:71)
                    at org.junit.runners.ParentRunner.runChildren(ParentRunner.java:288)
                    at org.junit.runners.ParentRunner.access$000(ParentRunner.java:58)
                    at org.junit.runners.ParentRunner$2.evaluate(ParentRunner.java:268)
                    at org.junit.runners.ParentRunner.run(ParentRunner.java:363)
                    at org.junit.runner.JUnitCore.run(JUnitCore.java:137)
                    at org.junit.runner.JUnitCore.run(JUnitCore.java:115)
                    at
                    android.support.test.internal.runner.TestExecutor.execute(TestExecutor.java:59)
                    at
                    android.support.test.runner.AndroidJUnitRunner.onStart(AndroidJUnitRunner.java:262)
                    at
                    android.app.Instrumentation$InstrumentationThread.run(Instrumentation.java:1701)
                </trace>
            </failure>
        </testcase>
        <testcase classname="TestCommonSettings" methodname="test18ScreenSaverDefaultValue"
            testresult="pass" time="24.3s" />
        <testcase classname="TestCommonSettings" methodname="test18_01ScreenSaverSubValues"
            testresult="pass" time="35.8s" />
        <testcase classname="TestCommonSettings" methodname="test19SelectScreenSaver" testresult="pass"
            time="33.0s" />
        <testcase classname="TestCommonSettings" methodname="test21InstallUnknownAppDefaultValue"
            testresult="pass" time="27.3s" />
        <testcase classname="TestCommonSettings"
            methodname="test22AllowedInstallUnknownAppAndCancel" testresult="pass" time="34.4s" />
        <testcase classname="TestCommonSettings"
            methodname="test23AllowedInstallUnknownAppAndConfirm" testresult="pass" time="35.5s" />
        <testcase classname="TestCommonSettings" methodname="test24ForbiddenInstallUnknownApp"
            testresult="pass" time="35.7s" />
        <testcase classname="TestCommonSettings"
            methodname="test25SystemRecoverDialogAndClickCancel" testresult="pass" time="30.7s" />
        <testcase classname="TestCommonSettings" methodname="test26SaveInfoOnSystemRecoverDialog"
            testresult="pass" time="31.6s" />
        <testcase classname="TestCommonSettings" methodname="test31WallpaperDefaultValue"
            testresult="pass" time="24.7s" />
        <testcase classname="TestCommonSettings" methodname="test32SubWallpapersOnSelectPage"
            testresult="pass" time="31.3s" />
        <testcase classname="TestCommonSettings" methodname="test33SelectWallpaper" testresult="pass"
            time="38.6s" />
        <testcase classname="TestCommonSettings" methodname="test34InputMethodDefaultValue"
            testresult="pass" time="24.4s" />
        <testcase classname="TestCommonSettings" methodname="test35SelectInputMethod" testresult="pass"
            time="40.1s" />
        <testcase classname="TestCommonSettings" methodname="test99ClearUpAfterAllTestCasesDone"
            testresult="pass" time="24.3s" />
        <suiteinfo count="28" runtime="951.0s" />
    </testsuite>
    <testsuite name="com.example.zhengjin.funsettingsuitest.testcases.TestFileManager">
        <testcase classname="TestFileManager" methodname="test13OpenAllFilesCardFromSdcardTab"
            testresult="pass" time="29.9s" />
        <testcase classname="TestFileManager" methodname="test14NavigateToSpecifiedPath"
            testresult="pass" time="33.8s" />
        <testcase classname="TestFileManager" methodname="test16OpenUnknownTypeFile" testresult="pass"
            time="35.5s" />
        <testcase classname="TestFileManager" methodname="test21MenuHideBtnExistForDir" testresult="pass"
            time="40.4s" />
        <testcase classname="TestFileManager" methodname="test22MenuRemoveAndHideBtnExistForFile"
            testresult="pass" time="39.7s" />
        <testcase classname="TestFileManager" methodname="test23HideAndShowDirectory" testresult="failed"
            time="40.1s">
            <failure message="showMenuAndClickBtn, Button &#38544;&#34255; is not found.">
                <trace>junit.framework.AssertionFailedError: showMenuAndClickBtn, Button &#38544;&#34255;
                    is not found.
                    at junit.framework.Assert.fail(Assert.java:50)
                    at junit.framework.Assert.assertTrue(Assert.java:20)
                    at junit.framework.Assert.assertNotNull(Assert.java:218)
                    at
                    com.example.zhengjin.funsettingsuitest.testuitasks.TaskFileManager.showMenuAndClickBtn(TaskFileManager.java:298)
                    at
                    com.example.zhengjin.funsettingsuitest.testcases.TestFileManager.test23HideAndShowDirectory(TestFileManager.java:264)
                    at java.lang.reflect.Method.invokeNative(Native Method)
                    at java.lang.reflect.Method.invoke(Method.java:515)
                    at
                    org.junit.runners.model.FrameworkMethod$1.runReflectiveCall(FrameworkMethod.java:50)
                    at
                    org.junit.internal.runners.model.ReflectiveCallable.run(ReflectiveCallable.java:12)
                    at
                    org.junit.runners.model.FrameworkMethod.invokeExplosively(FrameworkMethod.java:47)
                    at
                    org.junit.internal.runners.statements.InvokeMethod.evaluate(InvokeMethod.java:17)
                    at org.junit.internal.runners.statements.RunBefores.evaluate(RunBefores.java:26)
                    at org.junit.internal.runners.statements.RunAfters.evaluate(RunAfters.java:27)
                    at org.junit.runners.ParentRunner.runLeaf(ParentRunner.java:325)
                    at
                    org.junit.runners.BlockJUnit4ClassRunner.runChild(BlockJUnit4ClassRunner.java:78)
                    at
                    org.junit.runners.BlockJUnit4ClassRunner.runChild(BlockJUnit4ClassRunner.java:57)
                    at org.junit.runners.ParentRunner$3.run(ParentRunner.java:290)
                    at org.junit.runners.ParentRunner$1.schedule(ParentRunner.java:71)
                    at org.junit.runners.ParentRunner.runChildren(ParentRunner.java:288)
                    at org.junit.runners.ParentRunner.access$000(ParentRunner.java:58)
                    at org.junit.runners.ParentRunner$2.evaluate(ParentRunner.java:268)
                    at org.junit.internal.runners.statements.RunBefores.evaluate(RunBefores.java:26)
                    at org.junit.internal.runners.statements.RunAfters.evaluate(RunAfters.java:27)
                    at org.junit.runners.ParentRunner.run(ParentRunner.java:363)
                    at org.junit.runners.Suite.runChild(Suite.java:128)
                    at org.junit.runners.Suite.runChild(Suite.java:27)
                    at org.junit.runners.ParentRunner$3.run(ParentRunner.java:290)
                    at org.junit.runners.ParentRunner$1.schedule(ParentRunner.java:71)
                    at org.junit.runners.ParentRunner.runChildren(ParentRunner.java:288)
                    at org.junit.runners.ParentRunner.access$000(ParentRunner.java:58)
                    at org.junit.runners.ParentRunner$2.evaluate(ParentRunner.java:268)
                    at org.junit.runners.ParentRunner.run(ParentRunner.java:363)
                    at org.junit.runners.Suite.runChild(Suite.java:128)
                    at org.junit.runners.Suite.runChild(Suite.java:27)
                    at org.junit.runners.ParentRunner$3.run(ParentRunner.java:290)
                    at org.junit.runners.ParentRunner$1.schedule(ParentRunner.java:71)
                    at org.junit.runners.ParentRunner.runChildren(ParentRunner.java:288)
                    at org.junit.runners.ParentRunner.access$000(ParentRunner.java:58)
                    at org.junit.runners.ParentRunner$2.evaluate(ParentRunner.java:268)
                    at org.junit.runners.ParentRunner.run(ParentRunner.java:363)
                    at org.junit.runner.JUnitCore.run(JUnitCore.java:137)
                    at org.junit.runner.JUnitCore.run(JUnitCore.java:115)
                    at
                    android.support.test.internal.runner.TestExecutor.execute(TestExecutor.java:59)
                    at
                    android.support.test.runner.AndroidJUnitRunner.onStart(AndroidJUnitRunner.java:262)
                    at
                    android.app.Instrumentation$InstrumentationThread.run(Instrumentation.java:1701)
                </trace>
            </failure>
        </testcase>
        <testcase classname="TestFileManager" methodname="test24HideAndShowFile" testresult="pass"
            time="47.4s" />
        <testcase classname="TestFileManager" methodname="test25RemoveFileAndCancel" testresult="pass"
            time="41.2s" />
        <testcase classname="TestFileManager" methodname="test26RemoveFileAndConfirm" testresult="pass"
            time="41.7s" />
        <testcase classname="TestFileManager" methodname="test27HideAndShowOnlyFileOfDirectory"
            testresult="pass" time="45.9s" />
        <testcase classname="TestFileManager" methodname="test28RemoveOnlyFileOfDirectory"
            testresult="pass" time="43.3s" />
        <testcase classname="TestFileManager" methodname="test32MessageWhenEmptyForAppCard"
            testresult="pass" time="31.7s" />
        <testcase classname="TestFileManager" methodname="test33MessageWhenEmptyForMusicCard"
            testresult="pass" time="31.4s" />
        <testcase classname="TestFileManager" methodname="test34MessageWhenEmptyForPictureCard"
            testresult="pass" time="31.4s" />
        <testcase classname="TestFileManager" methodname="test41_01HideVideoFile" testresult="pass"
            time="52.3s" />
        <testcase classname="TestFileManager" methodname="test41_02ShowVideoFile" testresult="pass"
            time="51.5s" />
        <testcase classname="TestFileManager" methodname="test41_03HideVideoDirectory" testresult="failed"
            time="88.4s">
            <failure
                message="moveAndEnterOnSpecifiedItemFromCurrentDir, failed to select item TestMediaDir">
                <trace>junit.framework.AssertionFailedError:
                    moveAndEnterOnSpecifiedItemFromCurrentDir, failed to select item TestMediaDir
                    at junit.framework.Assert.fail(Assert.java:50)
                    at junit.framework.Assert.assertTrue(Assert.java:20)
                    at
                    com.example.zhengjin.funsettingsuitest.testuitasks.TaskFileManager.moveAndEnterOnSpecifiedItemFromCurrentDir(TaskFileManager.java:270)
                    at
                    com.example.zhengjin.funsettingsuitest.testuitasks.TaskFileManager.moveUntilSpecifiedItemSelected(TaskFileManager.java:241)
                    at
                    com.example.zhengjin.funsettingsuitest.testcases.TestFileManager.test41_03HideVideoDirectory(TestFileManager.java:493)
                    at java.lang.reflect.Method.invokeNative(Native Method)
                    at java.lang.reflect.Method.invoke(Method.java:515)
                    at
                    org.junit.runners.model.FrameworkMethod$1.runReflectiveCall(FrameworkMethod.java:50)
                    at
                    org.junit.internal.runners.model.ReflectiveCallable.run(ReflectiveCallable.java:12)
                    at
                    org.junit.runners.model.FrameworkMethod.invokeExplosively(FrameworkMethod.java:47)
                    at
                    org.junit.internal.runners.statements.InvokeMethod.evaluate(InvokeMethod.java:17)
                    at org.junit.internal.runners.statements.RunBefores.evaluate(RunBefores.java:26)
                    at org.junit.internal.runners.statements.RunAfters.evaluate(RunAfters.java:27)
                    at org.junit.runners.ParentRunner.runLeaf(ParentRunner.java:325)
                    at
                    org.junit.runners.BlockJUnit4ClassRunner.runChild(BlockJUnit4ClassRunner.java:78)
                    at
                    org.junit.runners.BlockJUnit4ClassRunner.runChild(BlockJUnit4ClassRunner.java:57)
                    at org.junit.runners.ParentRunner$3.run(ParentRunner.java:290)
                    at org.junit.runners.ParentRunner$1.schedule(ParentRunner.java:71)
                    at org.junit.runners.ParentRunner.runChildren(ParentRunner.java:288)
                    at org.junit.runners.ParentRunner.access$000(ParentRunner.java:58)
                    at org.junit.runners.ParentRunner$2.evaluate(ParentRunner.java:268)
                    at org.junit.internal.runners.statements.RunBefores.evaluate(RunBefores.java:26)
                    at org.junit.internal.runners.statements.RunAfters.evaluate(RunAfters.java:27)
                    at org.junit.runners.ParentRunner.run(ParentRunner.java:363)
                    at org.junit.runners.Suite.runChild(Suite.java:128)
                    at org.junit.runners.Suite.runChild(Suite.java:27)
                    at org.junit.runners.ParentRunner$3.run(ParentRunner.java:290)
                    at org.junit.runners.ParentRunner$1.schedule(ParentRunner.java:71)
                    at org.junit.runners.ParentRunner.runChildren(ParentRunner.java:288)
                    at org.junit.runners.ParentRunner.access$000(ParentRunner.java:58)
                    at org.junit.runners.ParentRunner$2.evaluate(ParentRunner.java:268)
                    at org.junit.runners.ParentRunner.run(ParentRunner.java:363)
                    at org.junit.runners.Suite.runChild(Suite.java:128)
                    at org.junit.runners.Suite.runChild(Suite.java:27)
                    at org.junit.runners.ParentRunner$3.run(ParentRunner.java:290)
                    at org.junit.runners.ParentRunner$1.schedule(ParentRunner.java:71)
                    at org.junit.runners.ParentRunner.runChildren(ParentRunner.java:288)
                    at org.junit.runners.ParentRunner.access$000(ParentRunner.java:58)
                    at org.junit.runners.ParentRunner$2.evaluate(ParentRunner.java:268)
                    at org.junit.runners.ParentRunner.run(ParentRunner.java:363)
                    at org.junit.runner.JUnitCore.run(JUnitCore.java:137)
                    at org.junit.runner.JUnitCore.run(JUnitCore.java:115)
                    at
                    android.support.test.internal.runner.TestExecutor.execute(TestExecutor.java:59)
                    at
                    android.support.test.runner.AndroidJUnitRunner.onStart(AndroidJUnitRunner.java:262)
                    at
                    android.app.Instrumentation$InstrumentationThread.run(Instrumentation.java:1701)
                </trace>
            </failure>
        </testcase>
        <testcase classname="TestFileManager" methodname="test41_04ShowVideoDirectory" testresult="failed"
            time="30.0s">
            <failure
                message="showMenuAndClickBtn, Button &#26174;&#31034;&#20840;&#37096; is not found.">
                <trace>junit.framework.AssertionFailedError: showMenuAndClickBtn, Button &#26174;&#31034;&#20840;&#37096;
                    is not found.
                    at junit.framework.Assert.fail(Assert.java:50)
                    at junit.framework.Assert.assertTrue(Assert.java:20)
                    at junit.framework.Assert.assertNotNull(Assert.java:218)
                    at
                    com.example.zhengjin.funsettingsuitest.testuitasks.TaskFileManager.showMenuAndClickBtn(TaskFileManager.java:298)
                    at
                    com.example.zhengjin.funsettingsuitest.testcases.TestFileManager.test41_04ShowVideoDirectory(TestFileManager.java:513)
                    at java.lang.reflect.Method.invokeNative(Native Method)
                    at java.lang.reflect.Method.invoke(Method.java:515)
                    at
                    org.junit.runners.model.FrameworkMethod$1.runReflectiveCall(FrameworkMethod.java:50)
                    at
                    org.junit.internal.runners.model.ReflectiveCallable.run(ReflectiveCallable.java:12)
                    at
                    org.junit.runners.model.FrameworkMethod.invokeExplosively(FrameworkMethod.java:47)
                    at
                    org.junit.internal.runners.statements.InvokeMethod.evaluate(InvokeMethod.java:17)
                    at org.junit.internal.runners.statements.RunBefores.evaluate(RunBefores.java:26)
                    at org.junit.internal.runners.statements.RunAfters.evaluate(RunAfters.java:27)
                    at org.junit.runners.ParentRunner.runLeaf(ParentRunner.java:325)
                    at
                    org.junit.runners.BlockJUnit4ClassRunner.runChild(BlockJUnit4ClassRunner.java:78)
                    at
                    org.junit.runners.BlockJUnit4ClassRunner.runChild(BlockJUnit4ClassRunner.java:57)
                    at org.junit.runners.ParentRunner$3.run(ParentRunner.java:290)
                    at org.junit.runners.ParentRunner$1.schedule(ParentRunner.java:71)
                    at org.junit.runners.ParentRunner.runChildren(ParentRunner.java:288)
                    at org.junit.runners.ParentRunner.access$000(ParentRunner.java:58)
                    at org.junit.runners.ParentRunner$2.evaluate(ParentRunner.java:268)
                    at org.junit.internal.runners.statements.RunBefores.evaluate(RunBefores.java:26)
                    at org.junit.internal.runners.statements.RunAfters.evaluate(RunAfters.java:27)
                    at org.junit.runners.ParentRunner.run(ParentRunner.java:363)
                    at org.junit.runners.Suite.runChild(Suite.java:128)
                    at org.junit.runners.Suite.runChild(Suite.java:27)
                    at org.junit.runners.ParentRunner$3.run(ParentRunner.java:290)
                    at org.junit.runners.ParentRunner$1.schedule(ParentRunner.java:71)
                    at org.junit.runners.ParentRunner.runChildren(ParentRunner.java:288)
                    at org.junit.runners.ParentRunner.access$000(ParentRunner.java:58)
                    at org.junit.runners.ParentRunner$2.evaluate(ParentRunner.java:268)
                    at org.junit.runners.ParentRunner.run(ParentRunner.java:363)
                    at org.junit.runners.Suite.runChild(Suite.java:128)
                    at org.junit.runners.Suite.runChild(Suite.java:27)
                    at org.junit.runners.ParentRunner$3.run(ParentRunner.java:290)
                    at org.junit.runners.ParentRunner$1.schedule(ParentRunner.java:71)
                    at org.junit.runners.ParentRunner.runChildren(ParentRunner.java:288)
                    at org.junit.runners.ParentRunner.access$000(ParentRunner.java:58)
                    at org.junit.runners.ParentRunner$2.evaluate(ParentRunner.java:268)
                    at org.junit.runners.ParentRunner.run(ParentRunner.java:363)
                    at org.junit.runner.JUnitCore.run(JUnitCore.java:137)
                    at org.junit.runner.JUnitCore.run(JUnitCore.java:115)
                    at
                    android.support.test.internal.runner.TestExecutor.execute(TestExecutor.java:59)
                    at
                    android.support.test.runner.AndroidJUnitRunner.onStart(AndroidJUnitRunner.java:262)
                    at
                    android.app.Instrumentation$InstrumentationThread.run(Instrumentation.java:1701)
                </trace>
            </failure>
        </testcase>
        <testcase classname="TestFileManager"
            methodname="test41_05RemoveVideoFileFromAllFilesCategory" testresult="pass"
            time="52.7s" />
        <testcase classname="TestFileManager" methodname="test41_06RemoveVideoFileFromVideoCategory"
            testresult="pass" time="53.4s" />
        <testcase classname="TestFileManager" methodname="test41_07MessageWhenEmptyForVideoCard"
            testresult="pass" time="32.2s" />
        <testcase classname="TestFileManager" methodname="test42_01HideApkFile" testresult="pass"
            time="24.0s" />
        <testcase classname="TestFileManager" methodname="test42_01HidePictureFile" testresult="pass"
            time="25.3s" />
        <testcase classname="TestFileManager" methodname="test43_01HideMusicFile" testresult="pass"
            time="24.4s" />
        <testcase classname="TestFileManager" methodname="test99ClearUpAfterAllTestCasesDone"
            testresult="pass" time="24.8s" />
        <suiteinfo count="25" runtime="994.4s" />
    </testsuite>
    <testsuite name="com.example.zhengjin.funsettingsuitest.testcases.TestWeather">
        <testcase classname="TestWeather" methodname="test11DefaultLocatedCity" testresult="pass"
            time="18.8s" />
        <testcase classname="TestWeather" methodname="test12BottomTipOnWeatherHome" testresult="pass"
            time="18.3s" />
        <testcase classname="TestWeather" methodname="test13WeatherForecastDates" testresult="pass"
            time="18.6s" />
        <testcase classname="TestWeather" methodname="test14FunctionButtonsInMenu" testresult="pass"
            time="21.7s" />
        <testcase classname="TestWeather" methodname="test15UpdateWeatherData" testresult="pass"
            time="27.3s" />
        <testcase classname="TestWeather" methodname="test21_01TitleAndLocationListOnAddCityPage"
            testresult="pass" time="29.5s" />
        <testcase classname="TestWeather" methodname="test21_02AddCityAndCancel" testresult="pass"
            time="45.5s" />
        <testcase classname="TestWeather" methodname="test21_03AddNewCityWeather" testresult="pass"
            time="45.3s" />
        <testcase classname="TestWeather" methodname="test23_01TitleAndLocationListOnAddDefaultPage"
            testresult="pass" time="28.5s" />
        <testcase classname="TestWeather" methodname="test23_02AddDefaultCityAndCancel" testresult="failed"
            time="64.7s">
            <failure message="selectSpecifiedLocationCity, city &#19977;&#20122; is NOT found.">
                <trace>junit.framework.AssertionFailedError: selectSpecifiedLocationCity, city
                    &#19977;&#20122; is NOT found.
                    at junit.framework.Assert.fail(Assert.java:50)
                    at junit.framework.Assert.assertTrue(Assert.java:20)
                    at
                    com.example.zhengjin.funsettingsuitest.testuitasks.TaskWeather.selectSpecifiedLocationCity(TaskWeather.java:256)
                    at
                    com.example.zhengjin.funsettingsuitest.testuitasks.TaskWeather.selectSpecifiedLocation(TaskWeather.java:222)
                    at
                    com.example.zhengjin.funsettingsuitest.testcases.TestWeather.test23_02AddDefaultCityAndCancel(TestWeather.java:246)
                    at java.lang.reflect.Method.invokeNative(Native Method)
                    at java.lang.reflect.Method.invoke(Method.java:515)
                    at
                    org.junit.runners.model.FrameworkMethod$1.runReflectiveCall(FrameworkMethod.java:50)
                    at
                    org.junit.internal.runners.model.ReflectiveCallable.run(ReflectiveCallable.java:12)
                    at
                    org.junit.runners.model.FrameworkMethod.invokeExplosively(FrameworkMethod.java:47)
                    at
                    org.junit.internal.runners.statements.InvokeMethod.evaluate(InvokeMethod.java:17)
                    at org.junit.internal.runners.statements.RunBefores.evaluate(RunBefores.java:26)
                    at org.junit.internal.runners.statements.RunAfters.evaluate(RunAfters.java:27)
                    at org.junit.runners.ParentRunner.runLeaf(ParentRunner.java:325)
                    at
                    org.junit.runners.BlockJUnit4ClassRunner.runChild(BlockJUnit4ClassRunner.java:78)
                    at
                    org.junit.runners.BlockJUnit4ClassRunner.runChild(BlockJUnit4ClassRunner.java:57)
                    at org.junit.runners.ParentRunner$3.run(ParentRunner.java:290)
                    at org.junit.runners.ParentRunner$1.schedule(ParentRunner.java:71)
                    at org.junit.runners.ParentRunner.runChildren(ParentRunner.java:288)
                    at org.junit.runners.ParentRunner.access$000(ParentRunner.java:58)
                    at org.junit.runners.ParentRunner$2.evaluate(ParentRunner.java:268)
                    at org.junit.internal.runners.statements.RunBefores.evaluate(RunBefores.java:26)
                    at org.junit.runners.ParentRunner.run(ParentRunner.java:363)
                    at org.junit.runners.Suite.runChild(Suite.java:128)
                    at org.junit.runners.Suite.runChild(Suite.java:27)
                    at org.junit.runners.ParentRunner$3.run(ParentRunner.java:290)
                    at org.junit.runners.ParentRunner$1.schedule(ParentRunner.java:71)
                    at org.junit.runners.ParentRunner.runChildren(ParentRunner.java:288)
                    at org.junit.runners.ParentRunner.access$000(ParentRunner.java:58)
                    at org.junit.runners.ParentRunner$2.evaluate(ParentRunner.java:268)
                    at org.junit.runners.ParentRunner.run(ParentRunner.java:363)
                    at org.junit.runners.Suite.runChild(Suite.java:128)
                    at org.junit.runners.Suite.runChild(Suite.java:27)
                    at org.junit.runners.ParentRunner$3.run(ParentRunner.java:290)
                    at org.junit.runners.ParentRunner$1.schedule(ParentRunner.java:71)
                    at org.junit.runners.ParentRunner.runChildren(ParentRunner.java:288)
                    at org.junit.runners.ParentRunner.access$000(ParentRunner.java:58)
                    at org.junit.runners.ParentRunner$2.evaluate(ParentRunner.java:268)
                    at org.junit.runners.ParentRunner.run(ParentRunner.java:363)
                    at org.junit.runner.JUnitCore.run(JUnitCore.java:137)
                    at org.junit.runner.JUnitCore.run(JUnitCore.java:115)
                    at
                    android.support.test.internal.runner.TestExecutor.execute(TestExecutor.java:59)
                    at
                    android.support.test.runner.AndroidJUnitRunner.onStart(AndroidJUnitRunner.java:262)
                    at
                    android.app.Instrumentation$InstrumentationThread.run(Instrumentation.java:1701)
                </trace>
            </failure>
        </testcase>
        <testcase classname="TestWeather" methodname="test23_03AddDefaultCityWeather" testresult="pass"
            time="47.3s" />
        <testcase classname="TestWeather" methodname="test23_04HomeCityAfterAddDefaultCity"
            testresult="pass" time="18.5s" />
        <testcase classname="TestWeather" methodname="test25_01ModifyDefaultCity" testresult="pass"
            time="46.3s" />
        <testcase classname="TestWeather" methodname="test25_02HomeCityAfterModifyDefaultCity"
            testresult="pass" time="18.5s" />
        <testcase classname="TestWeather" methodname="test25_03ReAddDefaultCity" testresult="pass"
            time="33.5s" />
        <testcase classname="TestWeather" methodname="test27CityListSequenceAfterUpdates"
            testresult="pass" time="26.4s" />
        <testcase classname="TestWeather" methodname="test31DeleteButtonOnMenu" testresult="pass"
            time="21.3s" />
        <testcase classname="TestWeather" methodname="test32_01DeleteCityAndCancel" testresult="pass"
            time="35.4s" />
        <testcase classname="TestWeather" methodname="test32_02DeleteCityAndConfirm" testresult="pass"
            time="37.1s" />
        <testcase classname="TestWeather" methodname="test33_01DeleteDefaultCityAndCancel"
            testresult="pass" time="31.7s" />
        <testcase classname="TestWeather" methodname="test33_02DeleteDefaultCityAndConfirm"
            testresult="failed" time="33.6s">
            <failure
                message="Verify confirm and delete default city. expected:&lt;[&#19977;&#20122;](&#40664;&#35748;)&gt; but was:&lt;[&#27494;&#27721;](&#40664;&#35748;)&gt;">
                <trace>junit.framework.ComparisonFailure: Verify confirm and delete default city.
                    expected:&lt;[&#19977;&#20122;](&#40664;&#35748;)&gt; but was:&lt;[&#27494;&#27721;](&#40664;&#35748;)&gt;
                    at junit.framework.Assert.assertEquals(Assert.java:85)
                    at
                    com.example.zhengjin.funsettingsuitest.testcases.TestWeather.test33_02DeleteDefaultCityAndConfirm(TestWeather.java:453)
                    at java.lang.reflect.Method.invokeNative(Native Method)
                    at java.lang.reflect.Method.invoke(Method.java:515)
                    at
                    org.junit.runners.model.FrameworkMethod$1.runReflectiveCall(FrameworkMethod.java:50)
                    at
                    org.junit.internal.runners.model.ReflectiveCallable.run(ReflectiveCallable.java:12)
                    at
                    org.junit.runners.model.FrameworkMethod.invokeExplosively(FrameworkMethod.java:47)
                    at
                    org.junit.internal.runners.statements.InvokeMethod.evaluate(InvokeMethod.java:17)
                    at org.junit.internal.runners.statements.RunBefores.evaluate(RunBefores.java:26)
                    at org.junit.internal.runners.statements.RunAfters.evaluate(RunAfters.java:27)
                    at org.junit.runners.ParentRunner.runLeaf(ParentRunner.java:325)
                    at
                    org.junit.runners.BlockJUnit4ClassRunner.runChild(BlockJUnit4ClassRunner.java:78)
                    at
                    org.junit.runners.BlockJUnit4ClassRunner.runChild(BlockJUnit4ClassRunner.java:57)
                    at org.junit.runners.ParentRunner$3.run(ParentRunner.java:290)
                    at org.junit.runners.ParentRunner$1.schedule(ParentRunner.java:71)
                    at org.junit.runners.ParentRunner.runChildren(ParentRunner.java:288)
                    at org.junit.runners.ParentRunner.access$000(ParentRunner.java:58)
                    at org.junit.runners.ParentRunner$2.evaluate(ParentRunner.java:268)
                    at org.junit.internal.runners.statements.RunBefores.evaluate(RunBefores.java:26)
                    at org.junit.runners.ParentRunner.run(ParentRunner.java:363)
                    at org.junit.runners.Suite.runChild(Suite.java:128)
                    at org.junit.runners.Suite.runChild(Suite.java:27)
                    at org.junit.runners.ParentRunner$3.run(ParentRunner.java:290)
                    at org.junit.runners.ParentRunner$1.schedule(ParentRunner.java:71)
                    at org.junit.runners.ParentRunner.runChildren(ParentRunner.java:288)
                    at org.junit.runners.ParentRunner.access$000(ParentRunner.java:58)
                    at org.junit.runners.ParentRunner$2.evaluate(ParentRunner.java:268)
                    at org.junit.runners.ParentRunner.run(ParentRunner.java:363)
                    at org.junit.runners.Suite.runChild(Suite.java:128)
                    at org.junit.runners.Suite.runChild(Suite.java:27)
                    at org.junit.runners.ParentRunner$3.run(ParentRunner.java:290)
                    at org.junit.runners.ParentRunner$1.schedule(ParentRunner.java:71)
                    at org.junit.runners.ParentRunner.runChildren(ParentRunner.java:288)
                    at org.junit.runners.ParentRunner.access$000(ParentRunner.java:58)
                    at org.junit.runners.ParentRunner$2.evaluate(ParentRunner.java:268)
                    at org.junit.runners.ParentRunner.run(ParentRunner.java:363)
                    at org.junit.runner.JUnitCore.run(JUnitCore.java:137)
                    at org.junit.runner.JUnitCore.run(JUnitCore.java:115)
                    at
                    android.support.test.internal.runner.TestExecutor.execute(TestExecutor.java:59)
                    at
                    android.support.test.runner.AndroidJUnitRunner.onStart(AndroidJUnitRunner.java:262)
                    at
                    android.app.Instrumentation$InstrumentationThread.run(Instrumentation.java:1701)
                </trace>
            </failure>
        </testcase>
        <testcase classname="TestWeather"
            methodname="test36HomeCityAndDeleteBtnNotExistForOnlyOneCity" testresult="failed"
            time="21.5s">
            <failure message="Verify delete button is not shown when only one city exist.">
                <trace>junit.framework.AssertionFailedError: Verify delete button is not shown when
                    only one city exist.
                    at junit.framework.Assert.fail(Assert.java:50)
                    at junit.framework.Assert.assertTrue(Assert.java:20)
                    at junit.framework.Assert.assertNull(Assert.java:237)
                    at
                    com.example.zhengjin.funsettingsuitest.testcases.TestWeather.test36HomeCityAndDeleteBtnNotExistForOnlyOneCity(TestWeather.java:469)
                    at java.lang.reflect.Method.invokeNative(Native Method)
                    at java.lang.reflect.Method.invoke(Method.java:515)
                    at
                    org.junit.runners.model.FrameworkMethod$1.runReflectiveCall(FrameworkMethod.java:50)
                    at
                    org.junit.internal.runners.model.ReflectiveCallable.run(ReflectiveCallable.java:12)
                    at
                    org.junit.runners.model.FrameworkMethod.invokeExplosively(FrameworkMethod.java:47)
                    at
                    org.junit.internal.runners.statements.InvokeMethod.evaluate(InvokeMethod.java:17)
                    at org.junit.internal.runners.statements.RunBefores.evaluate(RunBefores.java:26)
                    at org.junit.internal.runners.statements.RunAfters.evaluate(RunAfters.java:27)
                    at org.junit.runners.ParentRunner.runLeaf(ParentRunner.java:325)
                    at
                    org.junit.runners.BlockJUnit4ClassRunner.runChild(BlockJUnit4ClassRunner.java:78)
                    at
                    org.junit.runners.BlockJUnit4ClassRunner.runChild(BlockJUnit4ClassRunner.java:57)
                    at org.junit.runners.ParentRunner$3.run(ParentRunner.java:290)
                    at org.junit.runners.ParentRunner$1.schedule(ParentRunner.java:71)
                    at org.junit.runners.ParentRunner.runChildren(ParentRunner.java:288)
                    at org.junit.runners.ParentRunner.access$000(ParentRunner.java:58)
                    at org.junit.runners.ParentRunner$2.evaluate(ParentRunner.java:268)
                    at org.junit.internal.runners.statements.RunBefores.evaluate(RunBefores.java:26)
                    at org.junit.runners.ParentRunner.run(ParentRunner.java:363)
                    at org.junit.runners.Suite.runChild(Suite.java:128)
                    at org.junit.runners.Suite.runChild(Suite.java:27)
                    at org.junit.runners.ParentRunner$3.run(ParentRunner.java:290)
                    at org.junit.runners.ParentRunner$1.schedule(ParentRunner.java:71)
                    at org.junit.runners.ParentRunner.runChildren(ParentRunner.java:288)
                    at org.junit.runners.ParentRunner.access$000(ParentRunner.java:58)
                    at org.junit.runners.ParentRunner$2.evaluate(ParentRunner.java:268)
                    at org.junit.runners.ParentRunner.run(ParentRunner.java:363)
                    at org.junit.runners.Suite.runChild(Suite.java:128)
                    at org.junit.runners.Suite.runChild(Suite.java:27)
                    at org.junit.runners.ParentRunner$3.run(ParentRunner.java:290)
                    at org.junit.runners.ParentRunner$1.schedule(ParentRunner.java:71)
                    at org.junit.runners.ParentRunner.runChildren(ParentRunner.java:288)
                    at org.junit.runners.ParentRunner.access$000(ParentRunner.java:58)
                    at org.junit.runners.ParentRunner$2.evaluate(ParentRunner.java:268)
                    at org.junit.runners.ParentRunner.run(ParentRunner.java:363)
                    at org.junit.runner.JUnitCore.run(JUnitCore.java:137)
                    at org.junit.runner.JUnitCore.run(JUnitCore.java:115)
                    at
                    android.support.test.internal.runner.TestExecutor.execute(TestExecutor.java:59)
                    at
                    android.support.test.runner.AndroidJUnitRunner.onStart(AndroidJUnitRunner.java:262)
                    at
                    android.app.Instrumentation$InstrumentationThread.run(Instrumentation.java:1701)
                </trace>
            </failure>
        </testcase>
        <testcase classname="TestWeather" methodname="test99ClearUpAfterAllTestCasesDone"
            testresult="pass" time="18.1s" />
        <suiteinfo count="23" runtime="708.7s" />
    </testsuite>
    <testsuite name="com.example.zhengjin.funsettingsuitest.testcases.TestImageAndSoundSettings">
        <testcase classname="TestImageAndSoundSettings"
            methodname="test01TitleOfImageAndSoundSettingsPage" testresult="pass" time="27.9s" />
        <testcase classname="TestImageAndSoundSettings"
            methodname="test02TitleAndFocusOfImageParamsSettingItem" testresult="pass"
            time="29.2s" />
        <testcase classname="TestImageAndSoundSettings"
            methodname="test03TitleAndDefaultValueOfPressKeySoundSettingItem" testresult="pass"
            time="28.3s" />
        <testcase classname="TestImageAndSoundSettings"
            methodname="test04TurnOffPressKeySoundSettingItem" testresult="failed" time="37.2s">
            <failure
                message="Verify the text after turn on the press key sound setting item. expected:&lt;&#24050;[&#24320;&#21551;]&gt; but was:&lt;&#24050;[&#20851;&#38381;]&gt;">
                <trace>junit.framework.ComparisonFailure: Verify the text after turn on the press
                    key sound setting item. expected:&lt;&#24050;[&#24320;&#21551;]&gt; but was:&lt;&#24050;[&#20851;&#38381;]&gt;
                    at junit.framework.Assert.assertEquals(Assert.java:85)
                    at
                    com.example.zhengjin.funsettingsuitest.testcases.TestImageAndSoundSettings.test04TurnOffPressKeySoundSettingItem(TestImageAndSoundSettings.java:145)
                    at java.lang.reflect.Method.invokeNative(Native Method)
                    at java.lang.reflect.Method.invoke(Method.java:515)
                    at
                    org.junit.runners.model.FrameworkMethod$1.runReflectiveCall(FrameworkMethod.java:50)
                    at
                    org.junit.internal.runners.model.ReflectiveCallable.run(ReflectiveCallable.java:12)
                    at
                    org.junit.runners.model.FrameworkMethod.invokeExplosively(FrameworkMethod.java:47)
                    at
                    org.junit.internal.runners.statements.InvokeMethod.evaluate(InvokeMethod.java:17)
                    at org.junit.internal.runners.statements.RunBefores.evaluate(RunBefores.java:26)
                    at org.junit.internal.runners.statements.RunAfters.evaluate(RunAfters.java:27)
                    at org.junit.runners.ParentRunner.runLeaf(ParentRunner.java:325)
                    at
                    org.junit.runners.BlockJUnit4ClassRunner.runChild(BlockJUnit4ClassRunner.java:78)
                    at
                    org.junit.runners.BlockJUnit4ClassRunner.runChild(BlockJUnit4ClassRunner.java:57)
                    at org.junit.runners.ParentRunner$3.run(ParentRunner.java:290)
                    at org.junit.runners.ParentRunner$1.schedule(ParentRunner.java:71)
                    at org.junit.runners.ParentRunner.runChildren(ParentRunner.java:288)
                    at org.junit.runners.ParentRunner.access$000(ParentRunner.java:58)
                    at org.junit.runners.ParentRunner$2.evaluate(ParentRunner.java:268)
                    at org.junit.internal.runners.statements.RunBefores.evaluate(RunBefores.java:26)
                    at org.junit.runners.ParentRunner.run(ParentRunner.java:363)
                    at org.junit.runners.Suite.runChild(Suite.java:128)
                    at org.junit.runners.Suite.runChild(Suite.java:27)
                    at org.junit.runners.ParentRunner$3.run(ParentRunner.java:290)
                    at org.junit.runners.ParentRunner$1.schedule(ParentRunner.java:71)
                    at org.junit.runners.ParentRunner.runChildren(ParentRunner.java:288)
                    at org.junit.runners.ParentRunner.access$000(ParentRunner.java:58)
                    at org.junit.runners.ParentRunner$2.evaluate(ParentRunner.java:268)
                    at org.junit.runners.ParentRunner.run(ParentRunner.java:363)
                    at org.junit.runners.Suite.runChild(Suite.java:128)
                    at org.junit.runners.Suite.runChild(Suite.java:27)
                    at org.junit.runners.ParentRunner$3.run(ParentRunner.java:290)
                    at org.junit.runners.ParentRunner$1.schedule(ParentRunner.java:71)
                    at org.junit.runners.ParentRunner.runChildren(ParentRunner.java:288)
                    at org.junit.runners.ParentRunner.access$000(ParentRunner.java:58)
                    at org.junit.runners.ParentRunner$2.evaluate(ParentRunner.java:268)
                    at org.junit.runners.ParentRunner.run(ParentRunner.java:363)
                    at org.junit.runner.JUnitCore.run(JUnitCore.java:137)
                    at org.junit.runner.JUnitCore.run(JUnitCore.java:115)
                    at
                    android.support.test.internal.runner.TestExecutor.execute(TestExecutor.java:59)
                    at
                    android.support.test.runner.AndroidJUnitRunner.onStart(AndroidJUnitRunner.java:262)
                    at
                    android.app.Instrumentation$InstrumentationThread.run(Instrumentation.java:1701)
                </trace>
            </failure>
        </testcase>
        <testcase classname="TestImageAndSoundSettings"
            methodname="test05TitleAndDefaultValueOfAudioAroundSettingItem" testresult="pass"
            time="28.5s" />
        <testcase classname="TestImageAndSoundSettings"
            methodname="test06TurnOnAudioAroundSettingItem" testresult="pass" time="38.4s" />
        <testcase classname="TestImageAndSoundSettings"
            methodname="test07EnergySaverSettingItemIsHidden" testresult="pass" time="27.8s" />
        <testcase classname="TestImageAndSoundSettings"
            methodname="test11TitleAndDefaultValueOfColorTmpOnImageParams" testresult="pass"
            time="35.7s" />
        <testcase classname="TestImageAndSoundSettings"
            methodname="test12SubValuesOfColorTmpOnImageParams" testresult="pass" time="68.5s" />
        <testcase classname="TestImageAndSoundSettings"
            methodname="test13TitleAndDefaultValueOfBackLightOnImageParams" testresult="pass"
            time="36.0s" />
        <testcase classname="TestImageAndSoundSettings"
            methodname="test14SetValueOfBackLightOnImageParams" testresult="pass" time="40.3s" />
        <testcase classname="TestImageAndSoundSettings"
            methodname="test21TitleAndDefaultValueOfBrightnessOnImageParams" testresult="pass"
            time="35.9s" />
        <testcase classname="TestImageAndSoundSettings"
            methodname="test22SetValueOfBrightnessOnImageParams" testresult="pass" time="47.4s" />
        <testcase classname="TestImageAndSoundSettings"
            methodname="test23TitleAndDefaultValueOfContrastOnImageParams" testresult="pass"
            time="36.1s" />
        <testcase classname="TestImageAndSoundSettings"
            methodname="test24SetValueOfContrastOnImageParams" testresult="pass" time="49.1s" />
        <testcase classname="TestImageAndSoundSettings"
            methodname="test25TitleAndDefaultValueOfSaturationOnImageParams" testresult="pass"
            time="36.5s" />
        <testcase classname="TestImageAndSoundSettings"
            methodname="test26SetValueOfSaturationOnImageParams" testresult="pass" time="49.6s" />
        <testcase classname="TestImageAndSoundSettings"
            methodname="test27TitleOfResetAllToDefaultOnImageParams" testresult="pass"
            time="35.6s" />
        <testcase classname="TestImageAndSoundSettings"
            methodname="test28ValuesSetToDefaultAfterResetOnImageParams" testresult="pass"
            time="50.0s" />
        <testcase classname="TestImageAndSoundSettings"
            methodname="test99ClearUpAfterAllTestCasesDone" testresult="pass" time="28.3s" />
        <suiteinfo count="20" runtime="767.7s" />
    </testsuite>
    <testsuite name="com.example.zhengjin.funsettingsuitest.testcases.TestAboutInfoPage">
        <testcase classname="TestAboutInfoPage" methodname="test01AboutInfoPageTitle" testresult="pass"
            time="29.5s" />
        <testcase classname="TestAboutInfoPage" methodname="test02ProductInfoItemOnAboutInfo"
            testresult="pass" time="30.2s" />
        <testcase classname="TestAboutInfoPage"
            methodname="test03TitleAndQrCodeOnProductInfoSubPage" testresult="pass" time="33.5s" />
        <testcase classname="TestAboutInfoPage" methodname="test04_01TvNameOnProductInfoSubPage"
            testresult="pass" time="32.9s" />
        <testcase classname="TestAboutInfoPage" methodname="test04_02TvModelOnProductInfoSubPage"
            testresult="failed" time="33.3s">
            <failure
                message="Verify the device model item value. expected:&lt;G55[F]&gt; but was:&lt;G55[Y]&gt;">
                <trace>junit.framework.ComparisonFailure: Verify the device model item value.
                    expected:&lt;G55[F]&gt; but was:&lt;G55[Y]&gt;
                    at junit.framework.Assert.assertEquals(Assert.java:85)
                    at
                    com.example.zhengjin.funsettingsuitest.testcases.TestAboutInfoPage.test04_02TvModelOnProductInfoSubPage(TestAboutInfoPage.java:147)
                    at java.lang.reflect.Method.invokeNative(Native Method)
                    at java.lang.reflect.Method.invoke(Method.java:515)
                    at
                    org.junit.runners.model.FrameworkMethod$1.runReflectiveCall(FrameworkMethod.java:50)
                    at
                    org.junit.internal.runners.model.ReflectiveCallable.run(ReflectiveCallable.java:12)
                    at
                    org.junit.runners.model.FrameworkMethod.invokeExplosively(FrameworkMethod.java:47)
                    at
                    org.junit.internal.runners.statements.InvokeMethod.evaluate(InvokeMethod.java:17)
                    at org.junit.internal.runners.statements.RunBefores.evaluate(RunBefores.java:26)
                    at org.junit.internal.runners.statements.RunAfters.evaluate(RunAfters.java:27)
                    at org.junit.runners.ParentRunner.runLeaf(ParentRunner.java:325)
                    at
                    org.junit.runners.BlockJUnit4ClassRunner.runChild(BlockJUnit4ClassRunner.java:78)
                    at
                    org.junit.runners.BlockJUnit4ClassRunner.runChild(BlockJUnit4ClassRunner.java:57)
                    at org.junit.runners.ParentRunner$3.run(ParentRunner.java:290)
                    at org.junit.runners.ParentRunner$1.schedule(ParentRunner.java:71)
                    at org.junit.runners.ParentRunner.runChildren(ParentRunner.java:288)
                    at org.junit.runners.ParentRunner.access$000(ParentRunner.java:58)
                    at org.junit.runners.ParentRunner$2.evaluate(ParentRunner.java:268)
                    at org.junit.internal.runners.statements.RunBefores.evaluate(RunBefores.java:26)
                    at org.junit.runners.ParentRunner.run(ParentRunner.java:363)
                    at org.junit.runners.Suite.runChild(Suite.java:128)
                    at org.junit.runners.Suite.runChild(Suite.java:27)
                    at org.junit.runners.ParentRunner$3.run(ParentRunner.java:290)
                    at org.junit.runners.ParentRunner$1.schedule(ParentRunner.java:71)
                    at org.junit.runners.ParentRunner.runChildren(ParentRunner.java:288)
                    at org.junit.runners.ParentRunner.access$000(ParentRunner.java:58)
                    at org.junit.runners.ParentRunner$2.evaluate(ParentRunner.java:268)
                    at org.junit.runners.ParentRunner.run(ParentRunner.java:363)
                    at org.junit.runners.Suite.runChild(Suite.java:128)
                    at org.junit.runners.Suite.runChild(Suite.java:27)
                    at org.junit.runners.ParentRunner$3.run(ParentRunner.java:290)
                    at org.junit.runners.ParentRunner$1.schedule(ParentRunner.java:71)
                    at org.junit.runners.ParentRunner.runChildren(ParentRunner.java:288)
                    at org.junit.runners.ParentRunner.access$000(ParentRunner.java:58)
                    at org.junit.runners.ParentRunner$2.evaluate(ParentRunner.java:268)
                    at org.junit.runners.ParentRunner.run(ParentRunner.java:363)
                    at org.junit.runner.JUnitCore.run(JUnitCore.java:137)
                    at org.junit.runner.JUnitCore.run(JUnitCore.java:115)
                    at
                    android.support.test.internal.runner.TestExecutor.execute(TestExecutor.java:59)
                    at
                    android.support.test.runner.AndroidJUnitRunner.onStart(AndroidJUnitRunner.java:262)
                    at
                    android.app.Instrumentation$InstrumentationThread.run(Instrumentation.java:1701)
                </trace>
            </failure>
        </testcase>
        <testcase classname="TestAboutInfoPage" methodname="test04_03TvRomSizeOnProductInfoSubPage"
            testresult="pass" time="33.7s" />
        <testcase classname="TestAboutInfoPage" methodname="test04_04TvSeriesIdOnProductInfoSubPage"
            testresult="pass" time="33.1s" />
        <testcase classname="TestAboutInfoPage" methodname="test06NetworkInfoItemOnAboutInfo"
            testresult="pass" time="29.9s" />
        <testcase classname="TestAboutInfoPage" methodname="test07NetworkStatusInfoOnSubPage"
            testresult="pass" time="34.1s" />
        <testcase classname="TestAboutInfoPage" methodname="test08NetworkWiredInfoOnSubPage"
            testresult="pass" time="34.7s" />
        <testcase classname="TestAboutInfoPage" methodname="test09NetworkWirelessInfoMacOnSubPage"
            testresult="failed" time="28.5s">
            <failure message="The return code is (1) for command (netcfg | grep wlan0)">
                <trace>junit.framework.AssertionFailedError: The return code is (1) for command
                    (netcfg | grep wlan0)
                    at junit.framework.Assert.fail(Assert.java:50)
                    at junit.framework.Assert.assertTrue(Assert.java:20)
                    at
                    com.example.zhengjin.funsettingsuitest.testuitasks.TaskAboutInfo.runShellCommandAndCheck(TaskAboutInfo.java:408)
                    at
                    com.example.zhengjin.funsettingsuitest.testuitasks.TaskAboutInfo.getSysNetworkInfoForPlatform638(TaskAboutInfo.java:355)
                    at
                    com.example.zhengjin.funsettingsuitest.testuitasks.TaskAboutInfo.getSysNetworkInfo(TaskAboutInfo.java:350)
                    at
                    com.example.zhengjin.funsettingsuitest.testcases.TestAboutInfoPage.test09NetworkWirelessInfoMacOnSubPage(TestAboutInfoPage.java:261)
                    at java.lang.reflect.Method.invokeNative(Native Method)
                    at java.lang.reflect.Method.invoke(Method.java:515)
                    at
                    org.junit.runners.model.FrameworkMethod$1.runReflectiveCall(FrameworkMethod.java:50)
                    at
                    org.junit.internal.runners.model.ReflectiveCallable.run(ReflectiveCallable.java:12)
                    at
                    org.junit.runners.model.FrameworkMethod.invokeExplosively(FrameworkMethod.java:47)
                    at
                    org.junit.internal.runners.statements.InvokeMethod.evaluate(InvokeMethod.java:17)
                    at org.junit.internal.runners.statements.RunBefores.evaluate(RunBefores.java:26)
                    at org.junit.internal.runners.statements.RunAfters.evaluate(RunAfters.java:27)
                    at org.junit.runners.ParentRunner.runLeaf(ParentRunner.java:325)
                    at
                    org.junit.runners.BlockJUnit4ClassRunner.runChild(BlockJUnit4ClassRunner.java:78)
                    at
                    org.junit.runners.BlockJUnit4ClassRunner.runChild(BlockJUnit4ClassRunner.java:57)
                    at org.junit.runners.ParentRunner$3.run(ParentRunner.java:290)
                    at org.junit.runners.ParentRunner$1.schedule(ParentRunner.java:71)
                    at org.junit.runners.ParentRunner.runChildren(ParentRunner.java:288)
                    at org.junit.runners.ParentRunner.access$000(ParentRunner.java:58)
                    at org.junit.runners.ParentRunner$2.evaluate(ParentRunner.java:268)
                    at org.junit.internal.runners.statements.RunBefores.evaluate(RunBefores.java:26)
                    at org.junit.runners.ParentRunner.run(ParentRunner.java:363)
                    at org.junit.runners.Suite.runChild(Suite.java:128)
                    at org.junit.runners.Suite.runChild(Suite.java:27)
                    at org.junit.runners.ParentRunner$3.run(ParentRunner.java:290)
                    at org.junit.runners.ParentRunner$1.schedule(ParentRunner.java:71)
                    at org.junit.runners.ParentRunner.runChildren(ParentRunner.java:288)
                    at org.junit.runners.ParentRunner.access$000(ParentRunner.java:58)
                    at org.junit.runners.ParentRunner$2.evaluate(ParentRunner.java:268)
                    at org.junit.runners.ParentRunner.run(ParentRunner.java:363)
                    at org.junit.runners.Suite.runChild(Suite.java:128)
                    at org.junit.runners.Suite.runChild(Suite.java:27)
                    at org.junit.runners.ParentRunner$3.run(ParentRunner.java:290)
                    at org.junit.runners.ParentRunner$1.schedule(ParentRunner.java:71)
                    at org.junit.runners.ParentRunner.runChildren(ParentRunner.java:288)
                    at org.junit.runners.ParentRunner.access$000(ParentRunner.java:58)
                    at org.junit.runners.ParentRunner$2.evaluate(ParentRunner.java:268)
                    at org.junit.runners.ParentRunner.run(ParentRunner.java:363)
                    at org.junit.runner.JUnitCore.run(JUnitCore.java:137)
                    at org.junit.runner.JUnitCore.run(JUnitCore.java:115)
                    at
                    android.support.test.internal.runner.TestExecutor.execute(TestExecutor.java:59)
                    at
                    android.support.test.runner.AndroidJUnitRunner.onStart(AndroidJUnitRunner.java:262)
                    at
                    android.app.Instrumentation$InstrumentationThread.run(Instrumentation.java:1701)
                </trace>
            </failure>
        </testcase>
        <testcase classname="TestAboutInfoPage" methodname="test11QuestionFeedbackItem" testresult="pass"
            time="29.5s" />
        <testcase classname="TestAboutInfoPage"
            methodname="test12ContentAndMenuInQuestionFeedbackSubPage" testresult="pass"
            time="37.6s" />
        <testcase classname="TestAboutInfoPage" methodname="test13ButtonsInFeedbackMenuOfSubPage"
            testresult="pass" time="38.0s" />
        <testcase classname="TestAboutInfoPage"
            methodname="test14StartAndStopCatchLogOnFeedbackSubPage" testresult="pass"
            time="60.7s" />
        <testcase classname="TestAboutInfoPage" methodname="test15DumpLogToDiskOnFeedbackSubPage"
            testresult="pass" time="48.7s" />
        <testcase classname="TestAboutInfoPage" methodname="test17SystemVersionItemOnAboutInfo"
            testresult="pass" time="29.5s" />
        <testcase classname="TestAboutInfoPage" methodname="test18PlayControllerItemOnAboutInfo"
            testresult="pass" time="29.9s" />
        <testcase classname="TestAboutInfoPage" methodname="test21LawInfoItemOnAboutInfo"
            testresult="pass" time="29.8s" />
        <testcase classname="TestAboutInfoPage" methodname="test22TitleAndItemsOnLawInfoSubPage"
            testresult="pass" time="37.9s" />
        <testcase classname="TestAboutInfoPage"
            methodname="test23TitleAndContentOnCopyRightProtectSubPage" testresult="pass"
            time="41.1s" />
        <testcase classname="TestAboutInfoPage"
            methodname="test24TitleAndContentOnPrivacyPolicySubPage" testresult="pass"
            time="42.8s" />
        <testcase classname="TestAboutInfoPage"
            methodname="test25TitleAndContentOnUserAgreementSubPage" testresult="pass"
            time="43.2s" />
        <testcase classname="TestAboutInfoPage" methodname="test99ClearUpAfterAllTestCasesDone"
            testresult="pass" time="29.0s" />
        <suiteinfo count="24" runtime="851.1s" />
    </testsuite>
    <summary ignore="0" runtime="4274.2s" total="120" totalfailed="11" totalpass="109" />
</testsuites>