<?xml version='1.0' ?><testsuites datetime="2017-04-11_03-21-13-632"><systeminfo sdkversion="4.4.4" devicetype="FD5551A-SU" platformchiptype="Mstar_638" funuiversion="FunUI_v3.0" /><testsuite name="com.example.zhengjin.funsettingsuitest.testcases.TestGeneralSettings"><testcase classname="TestCommonSettings" methodname="test11TitleNameOfSettingsPage" time="27.3s" testresult="pass" /><testcase classname="TestCommonSettings" methodname="test12DeviceNameDefaultValue" time="25.7s" testresult="pass" /><testcase classname="TestCommonSettings" methodname="test13DeviceNameSubValues" time="28.3s" testresult="pass" /><testcase classname="TestCommonSettings" methodname="test14_01SelectDeviceName" time="38.8s" testresult="pass" /><testcase classname="TestCommonSettings" methodname="test14_02SelfDefineDeviceNameAndCancel" time="43.1s" testresult="pass" /><testcase classname="TestCommonSettings" methodname="test14_03SelfDefineDeviceNameAndConfirm" time="46.2s" testresult="pass" /><testcase classname="TestCommonSettings" methodname="test14_04SelfDefineEmptyNameAndConfirm" time="47.6s" testresult="pass" /><testcase classname="TestCommonSettings" methodname="test15_01OpenAdvancedSettingItem" time="34.8s" testresult="pass" /><testcase classname="TestCommonSettings" methodname="test15_02FullScreenSettingItemOnAdvance" time="35.0s" testresult="pass" /><testcase classname="TestCommonSettings" methodname="test15_03ScreenProjectionSettingItemOnAdvance" time="35.1s" testresult="pass" /><testcase classname="TestCommonSettings" methodname="test15_04ExternalSettingItemsIsHidden" time="40.8s" testresult="pass" /><testcase classname="TestCommonSettings" methodname="test16_01SleepTimeDefaultValue" time="35.0s" testresult="pass" /><testcase classname="TestCommonSettings" methodname="test16_02SleepTimeSubValues" time="54.7s" testresult="pass" /><testcase classname="TestCommonSettings" methodname="test16_03SelectSleepTime" time="39.9s" testresult="pass" /><testcase classname="TestCommonSettings" methodname="test17_01TitleAndValueOfSetShutDownTime" time="34.7s" testresult="pass" /><testcase classname="TestCommonSettings" methodname="test17_02TitleAndTipsOnSetShutDownTimeDialog" time="38.5s" testresult="pass" /><testcase classname="TestCommonSettings" methodname="test17_03ShutDownTimeCheckboxOnDialog" time="41.5s" testresult="pass" /><testcase classname="TestCommonSettings" methodname="test17_04TimesControlOnShutDownTimeDialog" time="39.0s" testresult="pass" /><testcase classname="TestCommonSettings" methodname="test17_05EditHoursControlOnShutDownTimeDialog" time="48.7s" testresult="pass" /><testcase classname="TestCommonSettings" methodname="test17_06EditMinutesControlOnSetShutDownTimeDialog" time="51.2s" testresult="pass" /><testcase classname="TestCommonSettings" methodname="test17_11SetShutDownTimeAndSave" time="55.3s" testresult="pass" /><testcase classname="TestCommonSettings" methodname="test17_14UnsetShutDownTime" time="41.0s" testresult="pass" /><testcase classname="TestCommonSettings" methodname="test17_15SetShutDownTimeLessThanFiveMinutes" time="48.1s" testresult="pass" /><testcase classname="TestCommonSettings" methodname="test18_01ScreenSaverDefaultValue" time="24.9s" testresult="pass" /><testcase classname="TestCommonSettings" methodname="test18_02SelectScreenSaver" time="35.1s" testresult="pass" /><testcase classname="TestCommonSettings" methodname="test18_03ScreenSaverSubValues" time="34.0s" testresult="failed"><failure message="Verify the sub values of screen saver at position 2. expected:&lt;[10&#20998;&#38047;]&gt; but was:&lt;[&#20851;&#38381;]&gt;"><trace>junit.framework.ComparisonFailure:
	Verify the sub values of screen saver at position 2. expected:&lt;[10&#20998;&#38047;]&gt; but
	was:&lt;[&#20851;&#38381;]&gt;
	at junit.framework.Assert.assertEquals(Assert.java:85)
	at
	com.example.zhengjin.funsettingsuitest.testcases.TestGeneralSettings.test18_03ScreenSaverSubValues(TestCommonSettings.java:689)
	at java.lang.reflect.Method.invokeNative(Native Method)
	at java.lang.reflect.Method.invoke(Method.java:515)
	at org.junit.runners.model.FrameworkMethod$1.runReflectiveCall(FrameworkMethod.java:50)
	at org.junit.internal.runners.model.ReflectiveCallable.run(ReflectiveCallable.java:12)
	at org.junit.runners.model.FrameworkMethod.invokeExplosively(FrameworkMethod.java:47)
	at org.junit.internal.runners.statements.InvokeMethod.evaluate(InvokeMethod.java:17)
	at org.junit.internal.runners.statements.RunBefores.evaluate(RunBefores.java:26)
	at org.junit.internal.runners.statements.RunAfters.evaluate(RunAfters.java:27)
	at org.junit.runners.ParentRunner.runLeaf(ParentRunner.java:325)
	at org.junit.runners.BlockJUnit4ClassRunner.runChild(BlockJUnit4ClassRunner.java:78)
	at org.junit.runners.BlockJUnit4ClassRunner.runChild(BlockJUnit4ClassRunner.java:57)
	at org.junit.runners.ParentRunner$3.run(ParentRunner.java:290)
	at org.junit.runners.ParentRunner$1.schedule(ParentRunner.java:71)
	at org.junit.runners.ParentRunner.runChildren(ParentRunner.java:288)
	at org.junit.runners.ParentRunner.access$000(ParentRunner.java:58)
	at org.junit.runners.ParentRunner$2.evaluate(ParentRunner.java:268)
	at org.junit.internal.runners.statements.RunBefores.evaluate(RunBefores.java:26)
	at org.junit.runners.ParentRunner.run(ParentRunner.java:363)
	at org.junit.runners.Suite.runChild(Suite.java:128)
	at org.junit.runners.Suite.runChild(Suite.java:27)
	at org.junit.runners.ParentRunner$3.run(ParentRunner.java:290)
	at org.junit.runners.ParentRunner$1.schedule(ParentRunner.java:71)
	at org.junit.runners.ParentRunner.runChildren(ParentRunner.java:288)
	at org.junit.runners.ParentRunner.access$000(ParentRunner.java:58)
	at org.junit.runners.ParentRunner$2.evaluate(ParentRunner.java:268)
	at org.junit.runners.ParentRunner.run(ParentRunner.java:363)
	at org.junit.runners.Suite.runChild(Suite.java:128)
	at org.junit.runners.Suite.runChild(Suite.java:27)
	at org.junit.runners.ParentRunner$3.run(ParentRunner.java:290)
	at org.junit.runners.ParentRunner$1.schedule(ParentRunner.java:71)
	at org.junit.runners.ParentRunner.runChildren(ParentRunner.java:288)
	at org.junit.runners.ParentRunner.access$000(ParentRunner.java:58)
	at org.junit.runners.ParentRunner$2.evaluate(ParentRunner.java:268)
	at org.junit.runners.ParentRunner.run(ParentRunner.java:363)
	at org.junit.runner.JUnitCore.run(JUnitCore.java:137)
	at org.junit.runner.JUnitCore.run(JUnitCore.java:115)
	at android.support.test.internal.runner.TestExecutor.execute(TestExecutor.java:59)
	at android.support.test.runner.AndroidJUnitRunner.onStart(AndroidJUnitRunner.java:262)
	at android.app.Instrumentation$InstrumentationThread.run(Instrumentation.java:1701)
</trace></failure></testcase><testcase classname="TestCommonSettings" methodname="test21InstallUnknownAppDefaultValue" time="26.0s" testresult="pass" /><testcase classname="TestCommonSettings" methodname="test22AllowedInstallUnknownAppAndCancel" time="36.2s" testresult="pass" /><testcase classname="TestCommonSettings" methodname="test23AllowedInstallUnknownAppAndConfirm" time="36.9s" testresult="pass" /><testcase classname="TestCommonSettings" methodname="test24ForbiddenInstallUnknownApp" time="37.1s" testresult="pass" /><testcase classname="TestCommonSettings" methodname="test25SystemRecoverDialogAndClickCancel" time="32.7s" testresult="pass" /><testcase classname="TestCommonSettings" methodname="test26SaveInfoOnSystemRecoverDialog" time="32.8s" testresult="pass" /><testcase classname="TestCommonSettings" methodname="test31WallpaperDefaultValue" time="25.7s" testresult="pass" /><testcase classname="TestCommonSettings" methodname="test32SubWallpapersOnSelectPage" time="37.7s" testresult="pass" /><testcase classname="TestCommonSettings" methodname="test33SelectWallpaper" time="40.1s" testresult="pass" /><testcase classname="TestCommonSettings" methodname="test34InputMethodDefaultValue" time="26.4s" testresult="pass" /><testcase classname="TestCommonSettings" methodname="test35SelectInputMethod" time="41.2s" testresult="pass" /><testcase classname="TestCommonSettings" methodname="test99ClearUpAfterAllTestCasesDone" time="26.2s" testresult="pass" /><suiteinfo count="38" runtime="1425.7s" /></testsuite><testsuite name="com.example.zhengjin.funsettingsuitest.testcases.TestFileManager"><testcase classname="TestFileManager" methodname="test13OpenAllFilesCardFromSdcardTab" time="32.9s" testresult="pass" /><testcase classname="TestFileManager" methodname="test14NavigateToSpecifiedPath" time="36.9s" testresult="pass" /><testcase classname="TestFileManager" methodname="test16OpenUnknownTypeFile" time="36.8s" testresult="pass" /><testcase classname="TestFileManager" methodname="test21MenuHideBtnExistForDir" time="42.7s" testresult="pass" /><testcase classname="TestFileManager" methodname="test22MenuRemoveAndHideBtnExistForFile" time="42.9s" testresult="pass" /><testcase classname="TestFileManager" methodname="test23HideAndShowDirectory" time="53.1s" testresult="pass" /><testcase classname="TestFileManager" methodname="test24HideAndShowFile" time="49.3s" testresult="pass" /><testcase classname="TestFileManager" methodname="test25RemoveFileAndCancel" time="44.3s" testresult="pass" /><testcase classname="TestFileManager" methodname="test26RemoveFileAndConfirm" time="44.4s" testresult="pass" /><testcase classname="TestFileManager" methodname="test27HideAndShowOnlyFileOfDirectory" time="49.6s" testresult="pass" /><testcase classname="TestFileManager" methodname="test28RemoveOnlyFileOfDirectory" time="46.0s" testresult="pass" /><testcase classname="TestFileManager" methodname="test32MessageWhenEmptyForAppCard" time="34.1s" testresult="pass" /><testcase classname="TestFileManager" methodname="test33MessageWhenEmptyForMusicCard" time="34.6s" testresult="pass" /><testcase classname="TestFileManager" methodname="test34MessageWhenEmptyForPictureCard" time="34.6s" testresult="pass" /><testcase classname="TestFileManager" methodname="test41_01HideVideoFile" time="56.5s" testresult="pass" /><testcase classname="TestFileManager" methodname="test41_02ShowVideoFile" time="54.3s" testresult="pass" /><testcase classname="TestFileManager" methodname="test41_03HideVideoDirectory" time="94.4s" testresult="failed"><failure message="moveAndEnterOnSpecifiedItemFromCurrentDir, failed to select item TestMediaDir"><trace>junit.framework.AssertionFailedError: moveAndEnterOnSpecifiedItemFromCurrentDir, failed to select item TestMediaDir
	at junit.framework.Assert.fail(Assert.java:50)
	at junit.framework.Assert.assertTrue(Assert.java:20)
	at com.example.zhengjin.funsettingsuitest.testuitasks.TaskFileManager.moveAndEnterOnSpecifiedItemFromCurrentDir(TaskFileManager.java:213)
	at com.example.zhengjin.funsettingsuitest.testuitasks.TaskFileManager.moveUntilSpecifiedItemSelected(TaskFileManager.java:183)
	at com.example.zhengjin.funsettingsuitest.testcases.TestFileManager.test41_03HideVideoDirectory(TestFileManager.java:510)
	at java.lang.reflect.Method.invokeNative(Native Method)
	at java.lang.reflect.Method.invoke(Method.java:515)
	at org.junit.runners.model.FrameworkMethod$1.runReflectiveCall(FrameworkMethod.java:50)
	at org.junit.internal.runners.model.ReflectiveCallable.run(ReflectiveCallable.java:12)
	at org.junit.runners.model.FrameworkMethod.invokeExplosively(FrameworkMethod.java:47)
	at org.junit.internal.runners.statements.InvokeMethod.evaluate(InvokeMethod.java:17)
	at org.junit.internal.runners.statements.RunBefores.evaluate(RunBefores.java:26)
	at org.junit.internal.runners.statements.RunAfters.evaluate(RunAfters.java:27)
	at org.junit.runners.ParentRunner.runLeaf(ParentRunner.java:325)
	at org.junit.runners.BlockJUnit4ClassRunner.runChild(BlockJUnit4ClassRunner.java:78)
	at org.junit.runners.BlockJUnit4ClassRunner.runChild(BlockJUnit4ClassRunner.java:57)
	at org.junit.runners.ParentRunner$3.run(ParentRunner.java:290)
	at org.junit.runners.ParentRunner$1.schedule(ParentRunner.java:71)
	at org.junit.runners.ParentRunner.runChildren(ParentRunner.java:288)
	at org.junit.runners.ParentRunner.access$000(ParentRunner.java:58)
	at org.junit.runners.ParentRunner$2.evaluate(ParentRunner.java:268)
	at org.junit.internal.runners.statements.RunBefores.evaluate(RunBefores.java:26)
	at org.junit.internal.runners.statements.RunAfters.evaluate(RunAfters.java:27)
	at org.junit.runners.ParentRunner.run(ParentRunner.java:363)
	at org.junit.runners.Suite.runChild(Suite.java:128)
	at org.junit.runners.Suite.runChild(Suite.java:27)
	at org.junit.runners.ParentRunner$3.run(ParentRunner.java:290)
	at org.junit.runners.ParentRunner$1.schedule(ParentRunner.java:71)
	at org.junit.runners.ParentRunner.runChildren(ParentRunner.java:288)
	at org.junit.runners.ParentRunner.access$000(ParentRunner.java:58)
	at org.junit.runners.ParentRunner$2.evaluate(ParentRunner.java:268)
	at org.junit.runners.ParentRunner.run(ParentRunner.java:363)
	at org.junit.runners.Suite.runChild(Suite.java:128)
	at org.junit.runners.Suite.runChild(Suite.java:27)
	at org.junit.runners.ParentRunner$3.run(ParentRunner.java:290)
	at org.junit.runners.ParentRunner$1.schedule(ParentRunner.java:71)
	at org.junit.runners.ParentRunner.runChildren(ParentRunner.java:288)
	at org.junit.runners.ParentRunner.access$000(ParentRunner.java:58)
	at org.junit.runners.ParentRunner$2.evaluate(ParentRunner.java:268)
	at org.junit.runners.ParentRunner.run(ParentRunner.java:363)
	at org.junit.runner.JUnitCore.run(JUnitCore.java:137)
	at org.junit.runner.JUnitCore.run(JUnitCore.java:115)
	at android.support.test.internal.runner.TestExecutor.execute(TestExecutor.java:59)
	at android.support.test.runner.AndroidJUnitRunner.onStart(AndroidJUnitRunner.java:262)
	at android.app.Instrumentation$InstrumentationThread.run(Instrumentation.java:1701)
</trace></failure></testcase><testcase classname="TestFileManager" methodname="test41_04ShowVideoDirectory" time="33.0s" testresult="failed"><failure message="showMenuAndClickBtn, Button &#26174;&#31034;&#20840;&#37096; is not found."><trace>junit.framework.AssertionFailedError: showMenuAndClickBtn, Button &#26174;&#31034;&#20840;&#37096; is not found.
	at junit.framework.Assert.fail(Assert.java:50)
	at junit.framework.Assert.assertTrue(Assert.java:20)
	at junit.framework.Assert.assertNotNull(Assert.java:218)
	at com.example.zhengjin.funsettingsuitest.testuitasks.TaskFileManager.showMenuAndClickBtn(TaskFileManager.java:241)
	at com.example.zhengjin.funsettingsuitest.testcases.TestFileManager.test41_04ShowVideoDirectory(TestFileManager.java:531)
	at java.lang.reflect.Method.invokeNative(Native Method)
	at java.lang.reflect.Method.invoke(Method.java:515)
	at org.junit.runners.model.FrameworkMethod$1.runReflectiveCall(FrameworkMethod.java:50)
	at org.junit.internal.runners.model.ReflectiveCallable.run(ReflectiveCallable.java:12)
	at org.junit.runners.model.FrameworkMethod.invokeExplosively(FrameworkMethod.java:47)
	at org.junit.internal.runners.statements.InvokeMethod.evaluate(InvokeMethod.java:17)
	at org.junit.internal.runners.statements.RunBefores.evaluate(RunBefores.java:26)
	at org.junit.internal.runners.statements.RunAfters.evaluate(RunAfters.java:27)
	at org.junit.runners.ParentRunner.runLeaf(ParentRunner.java:325)
	at org.junit.runners.BlockJUnit4ClassRunner.runChild(BlockJUnit4ClassRunner.java:78)
	at org.junit.runners.BlockJUnit4ClassRunner.runChild(BlockJUnit4ClassRunner.java:57)
	at org.junit.runners.ParentRunner$3.run(ParentRunner.java:290)
	at org.junit.runners.ParentRunner$1.schedule(ParentRunner.java:71)
	at org.junit.runners.ParentRunner.runChildren(ParentRunner.java:288)
	at org.junit.runners.ParentRunner.access$000(ParentRunner.java:58)
	at org.junit.runners.ParentRunner$2.evaluate(ParentRunner.java:268)
	at org.junit.internal.runners.statements.RunBefores.evaluate(RunBefores.java:26)
	at org.junit.internal.runners.statements.RunAfters.evaluate(RunAfters.java:27)
	at org.junit.runners.ParentRunner.run(ParentRunner.java:363)
	at org.junit.runners.Suite.runChild(Suite.java:128)
	at org.junit.runners.Suite.runChild(Suite.java:27)
	at org.junit.runners.ParentRunner$3.run(ParentRunner.java:290)
	at org.junit.runners.ParentRunner$1.schedule(ParentRunner.java:71)
	at org.junit.runners.ParentRunner.runChildren(ParentRunner.java:288)
	at org.junit.runners.ParentRunner.access$000(ParentRunner.java:58)
	at org.junit.runners.ParentRunner$2.evaluate(ParentRunner.java:268)
	at org.junit.runners.ParentRunner.run(ParentRunner.java:363)
	at org.junit.runners.Suite.runChild(Suite.java:128)
	at org.junit.runners.Suite.runChild(Suite.java:27)
	at org.junit.runners.ParentRunner$3.run(ParentRunner.java:290)
	at org.junit.runners.ParentRunner$1.schedule(ParentRunner.java:71)
	at org.junit.runners.ParentRunner.runChildren(ParentRunner.java:288)
	at org.junit.runners.ParentRunner.access$000(ParentRunner.java:58)
	at org.junit.runners.ParentRunner$2.evaluate(ParentRunner.java:268)
	at org.junit.runners.ParentRunner.run(ParentRunner.java:363)
	at org.junit.runner.JUnitCore.run(JUnitCore.java:137)
	at org.junit.runner.JUnitCore.run(JUnitCore.java:115)
	at android.support.test.internal.runner.TestExecutor.execute(TestExecutor.java:59)
	at android.support.test.runner.AndroidJUnitRunner.onStart(AndroidJUnitRunner.java:262)
	at android.app.Instrumentation$InstrumentationThread.run(Instrumentation.java:1701)
</trace></failure></testcase><testcase classname="TestFileManager" methodname="test41_05RemoveVideoFileFromAllFilesCategory" time="56.6s" testresult="pass" /><testcase classname="TestFileManager" methodname="test41_06RemoveVideoFileFromVideoCategory" time="56.8s" testresult="pass" /><testcase classname="TestFileManager" methodname="test41_07MessageWhenEmptyForVideoCard" time="34.5s" testresult="pass" /><testcase classname="TestFileManager" methodname="test99ClearUpAfterAllTestCasesDone" time="26.7s" testresult="pass" /><suiteinfo count="22" runtime="997.1s" /></testsuite><testsuite name="com.example.zhengjin.funsettingsuitest.testcases.TestWeather"><testcase classname="TestWeather" methodname="test11DefaultLocatedCity" time="19.9s" testresult="pass" /><testcase classname="TestWeather" methodname="test12BottomTipOnWeatherHome" time="19.5s" testresult="pass" /><testcase classname="TestWeather" methodname="test13WeatherForecastDates" time="19.5s" testresult="pass" /><testcase classname="TestWeather" methodname="test14FunctionButtonsInMenu" time="22.3s" testresult="pass" /><testcase classname="TestWeather" methodname="test15UpdateWeatherData" time="27.8s" testresult="pass" /><testcase classname="TestWeather" methodname="test21_01TitleAndLocationListOnAddCityPage" time="30.4s" testresult="pass" /><testcase classname="TestWeather" methodname="test21_02AddCityAndCancel" time="47.2s" testresult="pass" /><testcase classname="TestWeather" methodname="test21_03AddNewCityWeather" time="46.6s" testresult="pass" /><testcase classname="TestWeather" methodname="test23_01TitleAndLocationListOnAddDefaultPage" time="28.8s" testresult="pass" /><testcase classname="TestWeather" methodname="test23_02AddDefaultCityAndCancel" time="48.7s" testresult="pass" /><testcase classname="TestWeather" methodname="test23_03AddDefaultCityWeather" time="48.3s" testresult="pass" /><testcase classname="TestWeather" methodname="test23_04HomeCityAfterAddDefaultCity" time="19.5s" testresult="pass" /><testcase classname="TestWeather" methodname="test25_01ModifyDefaultCity" time="47.1s" testresult="pass" /><testcase classname="TestWeather" methodname="test25_02HomeCityAfterModifyDefaultCity" time="19.3s" testresult="pass" /><testcase classname="TestWeather" methodname="test25_03ReAddDefaultCity" time="34.1s" testresult="pass" /><testcase classname="TestWeather" methodname="test27CityListSequenceAfterUpdates" time="27.3s" testresult="pass" /><testcase classname="TestWeather" methodname="test31DeleteButtonOnMenu" time="22.2s" testresult="pass" /><testcase classname="TestWeather" methodname="test32_01DeleteCityAndCancel" time="36.1s" testresult="pass" /><testcase classname="TestWeather" methodname="test32_02DeleteCityAndConfirm" time="38.4s" testresult="pass" /><testcase classname="TestWeather" methodname="test33_01DeleteDefaultCityAndCancel" time="32.6s" testresult="pass" /><testcase classname="TestWeather" methodname="test33_02DeleteDefaultCityAndConfirm" time="34.6s" testresult="pass" /><testcase classname="TestWeather" methodname="test36HomeCityAndDeleteBtnNotExistForOnlyOneCity" time="23.0s" testresult="pass" /><testcase classname="TestWeather" methodname="test99ClearUpAfterAllTestCasesDone" time="18.8s" testresult="pass" /><suiteinfo count="23" runtime="713.6s" /></testsuite><testsuite name="com.example.zhengjin.funsettingsuitest.testcases.TestImageAndSound"><testcase classname="TestImageAndSoundSettings" methodname="test01TitleOfImageAndSoundSettingsPage" time="29.8s" testresult="pass" /><testcase classname="TestImageAndSoundSettings" methodname="test02TitleOfImageParamsSettingItem" time="30.9s" testresult="pass" /><testcase classname="TestImageAndSoundSettings" methodname="test03TitleAndDefaultValueOfPressKeySoundSettingItem" time="30.4s" testresult="pass" /><testcase classname="TestImageAndSoundSettings" methodname="test04TurnOffPressKeySoundSettingItem" time="39.5s" testresult="pass" /><testcase classname="TestImageAndSoundSettings" methodname="test05TitleAndDefaultValueOfAudioAroundSettingItem" time="30.4s" testresult="pass" /><testcase classname="TestImageAndSoundSettings" methodname="test06TurnOnAudioAroundSettingItem" time="39.7s" testresult="pass" /><testcase classname="TestImageAndSoundSettings" methodname="test07ShowSavePowerModeHiddenItem" time="33.7s" testresult="pass" /><testcase classname="TestImageAndSoundSettings" methodname="test08TitleAndValueOfCECRemoteControl" time="31.0s" testresult="pass" /><testcase classname="TestImageAndSoundSettings" methodname="test09TitleAndValueOfDefaultPlayClarity" time="31.5s" testresult="pass" /><testcase classname="TestImageAndSoundSettings" methodname="test11TitleAndDefaultValueOfColorTmpOnImageParams" time="38.5s" testresult="pass" /><testcase classname="TestImageAndSoundSettings" methodname="test12SubValuesOfColorTmpOnImageParams" time="70.0s" testresult="pass" /><testcase classname="TestImageAndSoundSettings" methodname="test13TitleAndDefaultValueOfBackLightOnImageParams" time="36.4s" testresult="pass" /><testcase classname="TestImageAndSoundSettings" methodname="test14SetValueOfBackLightOnImageParams" time="40.9s" testresult="pass" /><testcase classname="TestImageAndSoundSettings" methodname="test21TitleAndDefaultValueOfBrightnessOnImageParams" time="36.7s" testresult="pass" /><testcase classname="TestImageAndSoundSettings" methodname="test22SetValueOfBrightnessOnImageParams" time="48.2s" testresult="pass" /><testcase classname="TestImageAndSoundSettings" methodname="test23TitleAndDefaultValueOfContrastOnImageParams" time="36.6s" testresult="pass" /><testcase classname="TestImageAndSoundSettings" methodname="test24SetValueOfContrastOnImageParams" time="49.8s" testresult="pass" /><testcase classname="TestImageAndSoundSettings" methodname="test25TitleAndDefaultValueOfSaturationOnImageParams" time="36.7s" testresult="pass" /><testcase classname="TestImageAndSoundSettings" methodname="test26SetValueOfSaturationOnImageParams" time="50.3s" testresult="pass" /><testcase classname="TestImageAndSoundSettings" methodname="test27TitleOfResetAllToDefaultOnImageParams" time="36.8s" testresult="pass" /><testcase classname="TestImageAndSoundSettings" methodname="test28ValuesSetToDefaultAfterResetOnImageParams" time="51.7s" testresult="pass" /><testcase classname="TestImageAndSoundSettings" methodname="test99ClearUpAfterAllTestCasesDone" time="30.6s" testresult="pass" /><suiteinfo count="22" runtime="861.6s" /></testsuite><testsuite name="com.example.zhengjin.funsettingsuitest.testcases.TestAboutInfoPage"><testcase classname="TestAboutInfoPage" methodname="test01_01AboutInfoPageTitle" time="30.4s" testresult="pass" /><testcase classname="TestAboutInfoPage" methodname="test01_02HiddenAppsVersionItemOnAboutInfo" time="36.9s" testresult="pass" /><testcase classname="TestAboutInfoPage" methodname="test01_03OpenHiddenAppsVersionSubPage" time="44.4s" testresult="pass" /><testcase classname="TestAboutInfoPage" methodname="test02ProductInfoItemOnAboutInfo" time="31.4s" testresult="pass" /><testcase classname="TestAboutInfoPage" methodname="test03TitleAndQrCodeOnProductInfoSubPage" time="34.9s" testresult="pass" /><testcase classname="TestAboutInfoPage" methodname="test04_01TvNameOnProductInfoSubPage" time="35.3s" testresult="pass" /><testcase classname="TestAboutInfoPage" methodname="test04_02TvModelOnProductInfoSubPage" time="35.3s" testresult="pass" /><testcase classname="TestAboutInfoPage" methodname="test04_03TvRomSizeOnProductInfoSubPage" time="36.3s" testresult="pass" /><testcase classname="TestAboutInfoPage" methodname="test04_04TvSeriesIdOnProductInfoSubPage" time="34.8s" testresult="pass" /><testcase classname="TestAboutInfoPage" methodname="test04_05HiddenFullInfoOnProductInfo" time="38.9s" testresult="pass" /><testcase classname="TestAboutInfoPage" methodname="test06NetworkInfoItemOnAboutInfo" time="31.6s" testresult="pass" /><testcase classname="TestAboutInfoPage" methodname="test07NetworkStatusInfoOnSubPage" time="37.3s" testresult="pass" /><testcase classname="TestAboutInfoPage" methodname="test08NetworkWiredInfoOnSubPage" time="36.4s" testresult="pass" /><testcase classname="TestAboutInfoPage" methodname="test09NetworkWirelessInfoMacOnSubPage" time="36.6s" testresult="pass" /><testcase classname="TestAboutInfoPage" methodname="test11QuestionFeedbackItem" time="31.5s" testresult="pass" /><testcase classname="TestAboutInfoPage" methodname="test12ContentAndMenuInQuestionFeedbackSubPage" time="40.2s" testresult="pass" /><testcase classname="TestAboutInfoPage" methodname="test13ButtonsInFeedbackMenuOfSubPage" time="40.1s" testresult="pass" /><testcase classname="TestAboutInfoPage" methodname="test14StartAndStopCatchLogOnFeedbackSubPage" time="61.5s" testresult="pass" /><testcase classname="TestAboutInfoPage" methodname="test15DumpLogToDiskOnFeedbackSubPage" time="50.2s" testresult="pass" /><testcase classname="TestAboutInfoPage" methodname="test17SystemVersionItemOnAboutInfo" time="31.4s" testresult="pass" /><testcase classname="TestAboutInfoPage" methodname="test18PlayControllerItemOnAboutInfo" time="31.6s" testresult="pass" /><testcase classname="TestAboutInfoPage" methodname="test21LawInfoItemOnAboutInfo" time="31.5s" testresult="pass" /><testcase classname="TestAboutInfoPage" methodname="test22TitleAndItemsOnLawInfoSubPage" time="39.2s" testresult="pass" /><testcase classname="TestAboutInfoPage" methodname="test23TitleAndContentOnCopyRightProtectSubPage" time="43.9s" testresult="pass" /><testcase classname="TestAboutInfoPage" methodname="test24TitleAndContentOnPrivacyPolicySubPage" time="44.4s" testresult="pass" /><testcase classname="TestAboutInfoPage" methodname="test25TitleAndContentOnUserAgreementSubPage" time="45.6s" testresult="pass" /><testcase classname="TestAboutInfoPage" methodname="test99ClearUpAfterAllTestCasesDone" time="31.3s" testresult="pass" /><suiteinfo count="27" runtime="1023.3s" /></testsuite><testsuite name="com.example.zhengjin.funsettingsuitest.testcases.TestHomeVideoTab"><testcase classname="TestHomeVideoTab" methodname="test31OpenFactoryMenuFromSignalSourceDialog" time="33.9s" testresult="pass" /><testcase classname="TestHomeVideoTab" methodname="test99ClearUpAfterAllTestCasesDone" time="16.9s" testresult="pass" /><suiteinfo count="2" runtime="50.8s" /></testsuite><summary runtime="5073.2s" total="149" totalfailed="3" totalpass="131" ignore="15" /></testsuites>